mode: set
unit-test/helper/helper.go:35.31,37.2 1 1
unit-test/helper/helper.go:39.33,41.2 1 0
unit-test/helper/helper.go:43.36,45.2 1 0
unit-test/helper/helper.go:47.34,48.12 1 0
unit-test/helper/helper.go:48.12,51.3 2 0
unit-test/helper/helper.go:52.2,52.14 1 0
unit-test/helper/helper.go:55.34,57.2 1 0
unit-test/helper/helper.go:59.59,60.20 1 0
unit-test/helper/helper.go:61.13,62.39 1 0
unit-test/helper/helper.go:63.15,64.41 1 0
unit-test/helper/helper.go:65.18,66.44 1 0
unit-test/helper/helper.go:67.16,68.42 1 0
unit-test/helper/helper.go:69.16,70.42 1 0
unit-test/helper/helper.go:71.10,72.60 1 0
unit-test/helper/helper.go:76.59,77.20 1 0
unit-test/helper/helper.go:78.13,79.39 1 0
unit-test/helper/helper.go:80.15,81.41 1 0
unit-test/helper/helper.go:82.18,83.44 1 0
unit-test/helper/helper.go:84.16,85.42 1 0
unit-test/helper/helper.go:86.16,87.74 1 0
unit-test/helper/helper.go:88.10,89.60 1 0
unit-test/helper/helper.go:93.56,94.20 1 0
unit-test/helper/helper.go:95.13,96.39 1 0
unit-test/helper/helper.go:97.15,98.41 1 0
unit-test/helper/helper.go:99.18,100.44 1 0
unit-test/helper/helper.go:101.16,102.42 1 0
unit-test/helper/helper.go:103.16,104.77 1 0
unit-test/helper/helper.go:105.10,106.60 1 0
unit-test/helper/helper.go:110.34,113.2 2 0
unit-test/helper/helper.go:115.32,118.2 2 0
unit-test/helper/helper.go:120.39,121.17 1 0
unit-test/helper/helper.go:121.17,123.3 1 0
unit-test/helper/helper.go:125.2,125.13 1 0
unit-test/helper/helper.go:128.33,129.35 1 0
unit-test/helper/helper.go:129.35,131.3 1 0
unit-test/helper/helper.go:133.2,133.13 1 0
unit-test/helper/helper.go:136.48,137.35 1 0
unit-test/helper/helper.go:137.35,139.3 1 0
unit-test/helper/helper.go:140.2,140.35 1 0
unit-test/helper/helper.go:140.35,142.3 1 0
unit-test/helper/helper.go:143.2,143.34 1 0
unit-test/helper/helper.go:143.34,145.3 1 0
unit-test/helper/helper.go:146.2,146.68 1 0
unit-test/helper/helper.go:146.68,148.3 1 0
unit-test/helper/helper.go:150.2,150.17 1 0
unit-test/helper/helper.go:153.31,154.27 1 0
unit-test/helper/helper.go:154.27,156.3 1 0
unit-test/helper/helper.go:158.2,158.13 1 0
unit-test/helper/helper.go:161.80,163.26 2 0
unit-test/helper/helper.go:163.26,165.3 1 0
unit-test/helper/helper.go:167.2,167.13 1 0
unit-test/helper/helper.go:170.64,173.16 3 0
unit-test/helper/helper.go:173.16,175.3 1 0
unit-test/helper/helper.go:177.2,180.16 3 0
unit-test/helper/helper.go:180.16,182.3 1 0
unit-test/helper/helper.go:184.2,184.12 1 0
unit-test/helper/helper.go:187.60,190.16 3 0
unit-test/helper/helper.go:190.16,192.3 1 0
unit-test/helper/helper.go:194.2,194.26 1 0
unit-test/helper/helper.go:197.48,199.16 2 0
unit-test/helper/helper.go:199.16,201.3 1 0
unit-test/helper/helper.go:202.2,205.12 3 0
unit-test/helper/helper.go:208.39,211.2 2 0
unit-test/helper/helper.go:213.38,215.16 2 0
unit-test/helper/helper.go:215.16,218.3 2 0
unit-test/helper/helper.go:220.2,220.12 1 0
unit-test/helper/helper.go:223.54,225.21 2 0
unit-test/helper/helper.go:225.21,227.17 2 0
unit-test/helper/helper.go:227.17,229.4 1 0
unit-test/helper/helper.go:232.2,233.18 2 0
